[2022-11-10T13:59:20.326-0300] {taskinstance.py:1165} INFO - Dependencies all met for <TaskInstance: dados_politicos.mkdir_temp manual__2022-11-10T16:59:16.298141+00:00 [queued]>
[2022-11-10T13:59:20.362-0300] {taskinstance.py:1165} INFO - Dependencies all met for <TaskInstance: dados_politicos.mkdir_temp manual__2022-11-10T16:59:16.298141+00:00 [queued]>
[2022-11-10T13:59:20.363-0300] {taskinstance.py:1362} INFO - 
--------------------------------------------------------------------------------
[2022-11-10T13:59:20.363-0300] {taskinstance.py:1363} INFO - Starting attempt 1 of 1
[2022-11-10T13:59:20.363-0300] {taskinstance.py:1364} INFO - 
--------------------------------------------------------------------------------
[2022-11-10T13:59:20.431-0300] {taskinstance.py:1383} INFO - Executing <Task(BashOperator): mkdir_temp> on 2022-11-10 16:59:16.298141+00:00
[2022-11-10T13:59:20.435-0300] {standard_task_runner.py:55} INFO - Started process 6601 to run task
[2022-11-10T13:59:20.447-0300] {standard_task_runner.py:82} INFO - Running: ['airflow', 'tasks', 'run', 'dados_politicos', 'mkdir_temp', 'manual__2022-11-10T16:59:16.298141+00:00', '--job-id', '8', '--raw', '--subdir', 'DAGS_FOLDER/dados_politicos.py', '--cfg-path', '/var/folders/tf/5c5cm4z11mvb4z72rkp1jvxw0000gn/T/tmph86s6p5p']
[2022-11-10T13:59:20.453-0300] {standard_task_runner.py:83} INFO - Job 8: Subtask mkdir_temp
[2022-11-10T13:59:20.696-0300] {task_command.py:376} INFO - Running <TaskInstance: dados_politicos.mkdir_temp manual__2022-11-10T16:59:16.298141+00:00 [running]> on host mac-mikeias.local
[2022-11-10T13:59:20.922-0300] {taskinstance.py:1590} INFO - Exporting the following env vars:
AIRFLOW_CTX_DAG_OWNER=airflow
AIRFLOW_CTX_DAG_ID=dados_politicos
AIRFLOW_CTX_TASK_ID=mkdir_temp
AIRFLOW_CTX_EXECUTION_DATE=2022-11-10T16:59:16.298141+00:00
AIRFLOW_CTX_TRY_NUMBER=1
AIRFLOW_CTX_DAG_RUN_ID=manual__2022-11-10T16:59:16.298141+00:00
[2022-11-10T13:59:20.925-0300] {subprocess.py:63} INFO - Tmp dir root location: 
 /var/folders/tf/5c5cm4z11mvb4z72rkp1jvxw0000gn/T
[2022-11-10T13:59:20.927-0300] {subprocess.py:75} INFO - Running command: ['/bin/bash', '-c', 'echo /Users/mikeiasoliveira/Documents/dados/temp']
[2022-11-10T13:59:20.942-0300] {subprocess.py:86} INFO - Output:
[2022-11-10T13:59:20.948-0300] {subprocess.py:93} INFO - /Users/mikeiasoliveira/Documents/dados/temp
[2022-11-10T13:59:20.949-0300] {subprocess.py:97} INFO - Command exited with return code 0
[2022-11-10T13:59:21.131-0300] {taskinstance.py:1401} INFO - Marking task as SUCCESS. dag_id=dados_politicos, task_id=mkdir_temp, execution_date=20221110T165916, start_date=20221110T165920, end_date=20221110T165921
[2022-11-10T13:59:21.322-0300] {local_task_job.py:164} INFO - Task exited with return code 0
[2022-11-10T13:59:21.435-0300] {local_task_job.py:273} INFO - 0 downstream tasks scheduled from follow-on schedule check
