[2022-11-10T13:39:13.708-0300] {processor.py:154} INFO - Started process (PID=4853) to work on /Users/mikeiasoliveira/Documents/Projetos/vote_consciente/airflow/dags/dados_politicos.py
[2022-11-10T13:39:13.767-0300] {processor.py:756} INFO - Processing file /Users/mikeiasoliveira/Documents/Projetos/vote_consciente/airflow/dags/dados_politicos.py for tasks to queue
[2022-11-10T13:39:13.768-0300] {logging_mixin.py:120} INFO - [2022-11-10T13:39:13.768-0300] {dagbag.py:537} INFO - Filling up the DagBag from /Users/mikeiasoliveira/Documents/Projetos/vote_consciente/airflow/dags/dados_politicos.py
[2022-11-10T13:39:14.041-0300] {processor.py:766} INFO - DAG(s) dict_keys(['dados_politicos']) retrieved from /Users/mikeiasoliveira/Documents/Projetos/vote_consciente/airflow/dags/dados_politicos.py
[2022-11-10T13:39:27.121-0300] {logging_mixin.py:120} INFO - [2022-11-10T13:39:27.121-0300] {manager.py:507} INFO - Created Permission View: can read on DAG:dados_politicos
[2022-11-10T13:39:27.279-0300] {logging_mixin.py:120} INFO - [2022-11-10T13:39:27.279-0300] {manager.py:507} INFO - Created Permission View: can edit on DAG:dados_politicos
[2022-11-10T13:39:27.327-0300] {logging_mixin.py:120} INFO - [2022-11-10T13:39:27.326-0300] {manager.py:507} INFO - Created Permission View: can delete on DAG:dados_politicos
[2022-11-10T13:39:27.327-0300] {logging_mixin.py:120} INFO - [2022-11-10T13:39:27.327-0300] {dag.py:2585} INFO - Sync 1 DAGs
[2022-11-10T13:39:27.421-0300] {logging_mixin.py:120} INFO - [2022-11-10T13:39:27.421-0300] {dag.py:2606} INFO - Creating ORM DAG for dados_politicos
[2022-11-10T13:39:27.445-0300] {logging_mixin.py:120} INFO - [2022-11-10T13:39:27.444-0300] {dag.py:3336} INFO - Setting next_dagrun for dados_politicos to 2022-11-10T13:39:13.897347+00:00, run_after=2022-11-11T13:39:13.897347+00:00
[2022-11-10T13:39:27.573-0300] {processor.py:176} INFO - Processing /Users/mikeiasoliveira/Documents/Projetos/vote_consciente/airflow/dags/dados_politicos.py took 13.843 seconds
[2022-11-10T13:40:07.184-0300] {processor.py:154} INFO - Started process (PID=4928) to work on /Users/mikeiasoliveira/Documents/Projetos/vote_consciente/airflow/dags/dados_politicos.py
[2022-11-10T13:40:07.254-0300] {processor.py:756} INFO - Processing file /Users/mikeiasoliveira/Documents/Projetos/vote_consciente/airflow/dags/dados_politicos.py for tasks to queue
[2022-11-10T13:40:07.256-0300] {logging_mixin.py:120} INFO - [2022-11-10T13:40:07.255-0300] {dagbag.py:537} INFO - Filling up the DagBag from /Users/mikeiasoliveira/Documents/Projetos/vote_consciente/airflow/dags/dados_politicos.py
[2022-11-10T13:40:07.337-0300] {processor.py:766} INFO - DAG(s) dict_keys(['dados_politicos']) retrieved from /Users/mikeiasoliveira/Documents/Projetos/vote_consciente/airflow/dags/dados_politicos.py
[2022-11-10T13:40:11.847-0300] {logging_mixin.py:120} INFO - [2022-11-10T13:40:11.847-0300] {dag.py:2585} INFO - Sync 1 DAGs
[2022-11-10T13:40:11.896-0300] {logging_mixin.py:120} INFO - [2022-11-10T13:40:11.896-0300] {dag.py:3336} INFO - Setting next_dagrun for dados_politicos to 2022-11-10T13:40:07.310209+00:00, run_after=2022-11-11T13:40:07.310209+00:00
[2022-11-10T13:40:11.996-0300] {processor.py:176} INFO - Processing /Users/mikeiasoliveira/Documents/Projetos/vote_consciente/airflow/dags/dados_politicos.py took 4.814 seconds
[2022-11-10T13:40:54.428-0300] {processor.py:154} INFO - Started process (PID=4980) to work on /Users/mikeiasoliveira/Documents/Projetos/vote_consciente/airflow/dags/dados_politicos.py
[2022-11-10T13:40:54.477-0300] {processor.py:756} INFO - Processing file /Users/mikeiasoliveira/Documents/Projetos/vote_consciente/airflow/dags/dados_politicos.py for tasks to queue
[2022-11-10T13:40:54.479-0300] {logging_mixin.py:120} INFO - [2022-11-10T13:40:54.479-0300] {dagbag.py:537} INFO - Filling up the DagBag from /Users/mikeiasoliveira/Documents/Projetos/vote_consciente/airflow/dags/dados_politicos.py
[2022-11-10T13:40:54.610-0300] {processor.py:766} INFO - DAG(s) dict_keys(['dados_politicos']) retrieved from /Users/mikeiasoliveira/Documents/Projetos/vote_consciente/airflow/dags/dados_politicos.py
