[2022-11-10T14:46:44.968-0300] {taskinstance.py:1165} INFO - Dependencies all met for <TaskInstance: dados_politicos.download_deputados manual__2022-11-10T17:42:07.824824+00:00 [queued]>
[2022-11-10T14:46:44.992-0300] {taskinstance.py:1165} INFO - Dependencies all met for <TaskInstance: dados_politicos.download_deputados manual__2022-11-10T17:42:07.824824+00:00 [queued]>
[2022-11-10T14:46:44.992-0300] {taskinstance.py:1362} INFO - 
--------------------------------------------------------------------------------
[2022-11-10T14:46:44.992-0300] {taskinstance.py:1363} INFO - Starting attempt 1 of 1
[2022-11-10T14:46:44.993-0300] {taskinstance.py:1364} INFO - 
--------------------------------------------------------------------------------
[2022-11-10T14:46:45.018-0300] {taskinstance.py:1383} INFO - Executing <Task(BashOperator): download_deputados> on 2022-11-10 17:42:07.824824+00:00
[2022-11-10T14:46:45.021-0300] {standard_task_runner.py:55} INFO - Started process 10448 to run task
[2022-11-10T14:46:45.030-0300] {standard_task_runner.py:82} INFO - Running: ['airflow', 'tasks', 'run', 'dados_politicos', 'download_deputados', 'manual__2022-11-10T17:42:07.824824+00:00', '--job-id', '26', '--raw', '--subdir', 'DAGS_FOLDER/dados_politicos.py', '--cfg-path', '/var/folders/tf/5c5cm4z11mvb4z72rkp1jvxw0000gn/T/tmp4aovwidv']
[2022-11-10T14:46:45.036-0300] {standard_task_runner.py:83} INFO - Job 26: Subtask download_deputados
[2022-11-10T14:46:45.379-0300] {task_command.py:376} INFO - Running <TaskInstance: dados_politicos.download_deputados manual__2022-11-10T17:42:07.824824+00:00 [running]> on host mac-mikeias.local
[2022-11-10T14:46:45.639-0300] {taskinstance.py:1590} INFO - Exporting the following env vars:
AIRFLOW_CTX_DAG_OWNER=airflow
AIRFLOW_CTX_DAG_ID=dados_politicos
AIRFLOW_CTX_TASK_ID=download_deputados
AIRFLOW_CTX_EXECUTION_DATE=2022-11-10T17:42:07.824824+00:00
AIRFLOW_CTX_TRY_NUMBER=1
AIRFLOW_CTX_DAG_RUN_ID=manual__2022-11-10T17:42:07.824824+00:00
[2022-11-10T14:46:45.641-0300] {subprocess.py:63} INFO - Tmp dir root location: 
 /var/folders/tf/5c5cm4z11mvb4z72rkp1jvxw0000gn/T
[2022-11-10T14:46:45.642-0300] {subprocess.py:75} INFO - Running command: ['/bin/bash', '-c', 'curl "https://dadosabertos.camara.leg.br/api/v2/deputados" -o /Users/mikeiasoliveira/Documents/Projetos/vote_consciente/dados/temp/deputados.json']
[2022-11-10T14:46:45.651-0300] {subprocess.py:86} INFO - Output:
[2022-11-10T14:46:45.769-0300] {subprocess.py:93} INFO -   % Total    % Received % Xferd  Average Speed   Time    Time     Time  Current
[2022-11-10T14:46:45.770-0300] {subprocess.py:93} INFO -                                  Dload  Upload   Total   Spent    Left  Speed
[2022-11-10T14:46:46.409-0300] {subprocess.py:93} INFO -   0     0    0     0    0     0      0      0 --:--:-- --:--:-- --:--:--     0  0     0    0     0    0     0      0      0 --:--:-- --:--:-- --:--:--     0100  175k    0  175k    0     0   274k      0 --:--:-- --:--:-- --:--:--  273k
[2022-11-10T14:46:46.413-0300] {subprocess.py:97} INFO - Command exited with return code 0
[2022-11-10T14:46:46.593-0300] {taskinstance.py:1401} INFO - Marking task as SUCCESS. dag_id=dados_politicos, task_id=download_deputados, execution_date=20221110T174207, start_date=20221110T174644, end_date=20221110T174646
[2022-11-10T14:46:46.656-0300] {local_task_job.py:164} INFO - Task exited with return code 0
[2022-11-10T14:46:46.713-0300] {local_task_job.py:273} INFO - 0 downstream tasks scheduled from follow-on schedule check
