[2022-11-10T14:27:50.628-0300] {taskinstance.py:1165} INFO - Dependencies all met for <TaskInstance: dados_politicos.mkdir_temp manual__2022-11-10T17:22:38.525620+00:00 [queued]>
[2022-11-10T14:27:50.706-0300] {taskinstance.py:1165} INFO - Dependencies all met for <TaskInstance: dados_politicos.mkdir_temp manual__2022-11-10T17:22:38.525620+00:00 [queued]>
[2022-11-10T14:27:50.707-0300] {taskinstance.py:1362} INFO - 
--------------------------------------------------------------------------------
[2022-11-10T14:27:50.707-0300] {taskinstance.py:1363} INFO - Starting attempt 2 of 2
[2022-11-10T14:27:50.707-0300] {taskinstance.py:1364} INFO - 
--------------------------------------------------------------------------------
[2022-11-10T14:27:50.751-0300] {taskinstance.py:1383} INFO - Executing <Task(BashOperator): mkdir_temp> on 2022-11-10 17:22:38.525620+00:00
[2022-11-10T14:27:50.754-0300] {standard_task_runner.py:55} INFO - Started process 9007 to run task
[2022-11-10T14:27:50.764-0300] {standard_task_runner.py:82} INFO - Running: ['airflow', 'tasks', 'run', 'dados_politicos', 'mkdir_temp', 'manual__2022-11-10T17:22:38.525620+00:00', '--job-id', '17', '--raw', '--subdir', 'DAGS_FOLDER/dados_politicos.py', '--cfg-path', '/var/folders/tf/5c5cm4z11mvb4z72rkp1jvxw0000gn/T/tmp26rm7wtl']
[2022-11-10T14:27:50.769-0300] {standard_task_runner.py:83} INFO - Job 17: Subtask mkdir_temp
[2022-11-10T14:27:51.300-0300] {task_command.py:376} INFO - Running <TaskInstance: dados_politicos.mkdir_temp manual__2022-11-10T17:22:38.525620+00:00 [running]> on host mac-mikeias.local
[2022-11-10T14:27:51.628-0300] {taskinstance.py:1590} INFO - Exporting the following env vars:
AIRFLOW_CTX_DAG_OWNER=airflow
AIRFLOW_CTX_DAG_ID=dados_politicos
AIRFLOW_CTX_TASK_ID=mkdir_temp
AIRFLOW_CTX_EXECUTION_DATE=2022-11-10T17:22:38.525620+00:00
AIRFLOW_CTX_TRY_NUMBER=2
AIRFLOW_CTX_DAG_RUN_ID=manual__2022-11-10T17:22:38.525620+00:00
[2022-11-10T14:27:51.630-0300] {subprocess.py:63} INFO - Tmp dir root location: 
 /var/folders/tf/5c5cm4z11mvb4z72rkp1jvxw0000gn/T
[2022-11-10T14:27:51.632-0300] {subprocess.py:75} INFO - Running command: ['/bin/bash', '-c', '[[ mkdir /Users/mikeiasoliveira/Documents/Projetos/vote_consciente/dados/temp ]]']
[2022-11-10T14:27:51.639-0300] {subprocess.py:86} INFO - Output:
[2022-11-10T14:27:51.669-0300] {subprocess.py:93} INFO - /bin/bash: -c: line 0: conditional binary operator expected
[2022-11-10T14:27:51.670-0300] {subprocess.py:93} INFO - /bin/bash: -c: line 0: syntax error near `/Users/mikeiasoliveira/Documents/Projetos/vote_consciente/dados/temp'
[2022-11-10T14:27:51.670-0300] {subprocess.py:93} INFO - /bin/bash: -c: line 0: `[[ mkdir /Users/mikeiasoliveira/Documents/Projetos/vote_consciente/dados/temp ]]'
[2022-11-10T14:27:51.671-0300] {subprocess.py:97} INFO - Command exited with return code 2
[2022-11-10T14:27:51.672-0300] {taskinstance.py:1481} INFO - Bash command returned exit code 2. Skipping.
[2022-11-10T14:27:51.714-0300] {taskinstance.py:1401} INFO - Marking task as SKIPPED. dag_id=dados_politicos, task_id=mkdir_temp, execution_date=20221110T172238, start_date=20221110T172750, end_date=20221110T172751
[2022-11-10T14:27:51.744-0300] {local_task_job.py:164} INFO - Task exited with return code 0
[2022-11-10T14:27:51.857-0300] {local_task_job.py:273} INFO - 0 downstream tasks scheduled from follow-on schedule check
