[2022-11-10T14:00:41.119-0300] {taskinstance.py:1165} INFO - Dependencies all met for <TaskInstance: dados_politicos.mkdir_temp manual__2022-11-10T17:00:15.960538+00:00 [queued]>
[2022-11-10T14:00:41.252-0300] {taskinstance.py:1165} INFO - Dependencies all met for <TaskInstance: dados_politicos.mkdir_temp manual__2022-11-10T17:00:15.960538+00:00 [queued]>
[2022-11-10T14:00:41.252-0300] {taskinstance.py:1362} INFO - 
--------------------------------------------------------------------------------
[2022-11-10T14:00:41.253-0300] {taskinstance.py:1363} INFO - Starting attempt 1 of 1
[2022-11-10T14:00:41.253-0300] {taskinstance.py:1364} INFO - 
--------------------------------------------------------------------------------
[2022-11-10T14:00:41.422-0300] {taskinstance.py:1383} INFO - Executing <Task(BashOperator): mkdir_temp> on 2022-11-10 17:00:15.960538+00:00
[2022-11-10T14:00:41.425-0300] {standard_task_runner.py:55} INFO - Started process 6720 to run task
[2022-11-10T14:00:41.434-0300] {standard_task_runner.py:82} INFO - Running: ['airflow', 'tasks', 'run', 'dados_politicos', 'mkdir_temp', 'manual__2022-11-10T17:00:15.960538+00:00', '--job-id', '9', '--raw', '--subdir', 'DAGS_FOLDER/dados_politicos.py', '--cfg-path', '/var/folders/tf/5c5cm4z11mvb4z72rkp1jvxw0000gn/T/tmpd_4pftpk']
[2022-11-10T14:00:41.438-0300] {standard_task_runner.py:83} INFO - Job 9: Subtask mkdir_temp
[2022-11-10T14:00:41.810-0300] {task_command.py:376} INFO - Running <TaskInstance: dados_politicos.mkdir_temp manual__2022-11-10T17:00:15.960538+00:00 [running]> on host mac-mikeias.local
[2022-11-10T14:00:42.189-0300] {taskinstance.py:1590} INFO - Exporting the following env vars:
AIRFLOW_CTX_DAG_OWNER=airflow
AIRFLOW_CTX_DAG_ID=dados_politicos
AIRFLOW_CTX_TASK_ID=mkdir_temp
AIRFLOW_CTX_EXECUTION_DATE=2022-11-10T17:00:15.960538+00:00
AIRFLOW_CTX_TRY_NUMBER=1
AIRFLOW_CTX_DAG_RUN_ID=manual__2022-11-10T17:00:15.960538+00:00
[2022-11-10T14:00:42.191-0300] {subprocess.py:63} INFO - Tmp dir root location: 
 /var/folders/tf/5c5cm4z11mvb4z72rkp1jvxw0000gn/T
[2022-11-10T14:00:42.302-0300] {subprocess.py:75} INFO - Running command: ['/bin/bash', '-c', 'echo /dados/temp']
[2022-11-10T14:00:42.312-0300] {subprocess.py:86} INFO - Output:
[2022-11-10T14:00:42.950-0300] {subprocess.py:93} INFO - /dados/temp
[2022-11-10T14:00:42.951-0300] {subprocess.py:97} INFO - Command exited with return code 0
[2022-11-10T14:00:43.356-0300] {taskinstance.py:1401} INFO - Marking task as SUCCESS. dag_id=dados_politicos, task_id=mkdir_temp, execution_date=20221110T170015, start_date=20221110T170041, end_date=20221110T170043
[2022-11-10T14:00:43.613-0300] {local_task_job.py:164} INFO - Task exited with return code 0
[2022-11-10T14:00:43.781-0300] {local_task_job.py:273} INFO - 0 downstream tasks scheduled from follow-on schedule check
