[2022-11-10T14:42:17.749-0300] {taskinstance.py:1165} INFO - Dependencies all met for <TaskInstance: dados_politicos.mkdir_temp manual__2022-11-10T17:42:07.824824+00:00 [queued]>
[2022-11-10T14:42:17.807-0300] {taskinstance.py:1165} INFO - Dependencies all met for <TaskInstance: dados_politicos.mkdir_temp manual__2022-11-10T17:42:07.824824+00:00 [queued]>
[2022-11-10T14:42:17.808-0300] {taskinstance.py:1362} INFO - 
--------------------------------------------------------------------------------
[2022-11-10T14:42:17.808-0300] {taskinstance.py:1363} INFO - Starting attempt 1 of 1
[2022-11-10T14:42:17.808-0300] {taskinstance.py:1364} INFO - 
--------------------------------------------------------------------------------
[2022-11-10T14:42:17.837-0300] {taskinstance.py:1383} INFO - Executing <Task(BashOperator): mkdir_temp> on 2022-11-10 17:42:07.824824+00:00
[2022-11-10T14:42:17.840-0300] {standard_task_runner.py:55} INFO - Started process 10079 to run task
[2022-11-10T14:42:17.849-0300] {standard_task_runner.py:82} INFO - Running: ['airflow', 'tasks', 'run', 'dados_politicos', 'mkdir_temp', 'manual__2022-11-10T17:42:07.824824+00:00', '--job-id', '19', '--raw', '--subdir', 'DAGS_FOLDER/dados_politicos.py', '--cfg-path', '/var/folders/tf/5c5cm4z11mvb4z72rkp1jvxw0000gn/T/tmpp3tiih9h']
[2022-11-10T14:42:17.853-0300] {standard_task_runner.py:83} INFO - Job 19: Subtask mkdir_temp
[2022-11-10T14:42:18.100-0300] {task_command.py:376} INFO - Running <TaskInstance: dados_politicos.mkdir_temp manual__2022-11-10T17:42:07.824824+00:00 [running]> on host mac-mikeias.local
[2022-11-10T14:42:18.316-0300] {taskinstance.py:1590} INFO - Exporting the following env vars:
AIRFLOW_CTX_DAG_OWNER=airflow
AIRFLOW_CTX_DAG_ID=dados_politicos
AIRFLOW_CTX_TASK_ID=mkdir_temp
AIRFLOW_CTX_EXECUTION_DATE=2022-11-10T17:42:07.824824+00:00
AIRFLOW_CTX_TRY_NUMBER=1
AIRFLOW_CTX_DAG_RUN_ID=manual__2022-11-10T17:42:07.824824+00:00
[2022-11-10T14:42:18.318-0300] {subprocess.py:63} INFO - Tmp dir root location: 
 /var/folders/tf/5c5cm4z11mvb4z72rkp1jvxw0000gn/T
[2022-11-10T14:42:18.319-0300] {subprocess.py:75} INFO - Running command: ['/bin/bash', '-c', '[[ ! -d /Users/mikeiasoliveira/Documents/Projetos/vote_consciente/dados/temp ]] &&  mkdir /Users/mikeiasoliveira/Documents/Projetos/vote_consciente/dados/temp; exit 0; || exit 0']
[2022-11-10T14:42:18.327-0300] {subprocess.py:86} INFO - Output:
[2022-11-10T14:42:18.423-0300] {subprocess.py:93} INFO - /bin/bash: -c: line 0: syntax error near unexpected token `||'
[2022-11-10T14:42:18.425-0300] {subprocess.py:93} INFO - /bin/bash: -c: line 0: `[[ ! -d /Users/mikeiasoliveira/Documents/Projetos/vote_consciente/dados/temp ]] &&  mkdir /Users/mikeiasoliveira/Documents/Projetos/vote_consciente/dados/temp; exit 0; || exit 0'
[2022-11-10T14:42:18.427-0300] {subprocess.py:97} INFO - Command exited with return code 2
[2022-11-10T14:42:18.428-0300] {taskinstance.py:1481} INFO - Bash command returned exit code 2. Skipping.
[2022-11-10T14:42:18.469-0300] {taskinstance.py:1401} INFO - Marking task as SKIPPED. dag_id=dados_politicos, task_id=mkdir_temp, execution_date=20221110T174207, start_date=20221110T174217, end_date=20221110T174218
[2022-11-10T14:42:18.531-0300] {local_task_job.py:164} INFO - Task exited with return code 0
[2022-11-10T14:42:18.623-0300] {local_task_job.py:273} INFO - 0 downstream tasks scheduled from follow-on schedule check
